Determining if the pthread_create exist failed with the following output:
Change Dir: /home/piero/Development/Cpp/lattice-boltzmann/build/CMakeFiles/CMakeTmp

Run Build Command(s):/usr/bin/make cmTC_42487/fast 
make[1]: Entering directory '/home/piero/Development/Cpp/lattice-boltzmann/build/CMakeFiles/CMakeTmp'
/usr/bin/make -f CMakeFiles/cmTC_42487.dir/build.make CMakeFiles/cmTC_42487.dir/build
make[2]: Entering directory '/home/piero/Development/Cpp/lattice-boltzmann/build/CMakeFiles/CMakeTmp'
Building C object CMakeFiles/cmTC_42487.dir/CheckSymbolExists.c.o
/usr/bin/cc    -o CMakeFiles/cmTC_42487.dir/CheckSymbolExists.c.o   -c /home/piero/Development/Cpp/lattice-boltzmann/build/CMakeFiles/CMakeTmp/CheckSymbolExists.c
Linking C executable cmTC_42487
/usr/bin/cmake -E cmake_link_script CMakeFiles/cmTC_42487.dir/link.txt --verbose=1
/usr/bin/cc      -rdynamic CMakeFiles/cmTC_42487.dir/CheckSymbolExists.c.o  -o cmTC_42487 
/usr/bin/ld: CMakeFiles/cmTC_42487.dir/CheckSymbolExists.c.o: in function `main':
CheckSymbolExists.c:(.text+0x1b): undefined reference to `pthread_create'
collect2: error: ld returned 1 exit status
make[2]: *** [CMakeFiles/cmTC_42487.dir/build.make:87: cmTC_42487] Error 1
make[2]: Leaving directory '/home/piero/Development/Cpp/lattice-boltzmann/build/CMakeFiles/CMakeTmp'
make[1]: *** [Makefile:121: cmTC_42487/fast] Error 2
make[1]: Leaving directory '/home/piero/Development/Cpp/lattice-boltzmann/build/CMakeFiles/CMakeTmp'

File /home/piero/Development/Cpp/lattice-boltzmann/build/CMakeFiles/CMakeTmp/CheckSymbolExists.c:
/* */
#include <pthread.h>

int main(int argc, char** argv)
{
  (void)argv;
#ifndef pthread_create
  return ((int*)(&pthread_create))[argc];
#else
  (void)argc;
  return 0;
#endif
}

Determining if the function pthread_create exists in the pthreads failed with the following output:
Change Dir: /home/piero/Development/Cpp/lattice-boltzmann/build/CMakeFiles/CMakeTmp

Run Build Command(s):/usr/bin/make cmTC_0bfc1/fast 
make[1]: Entering directory '/home/piero/Development/Cpp/lattice-boltzmann/build/CMakeFiles/CMakeTmp'
/usr/bin/make -f CMakeFiles/cmTC_0bfc1.dir/build.make CMakeFiles/cmTC_0bfc1.dir/build
make[2]: Entering directory '/home/piero/Development/Cpp/lattice-boltzmann/build/CMakeFiles/CMakeTmp'
Building C object CMakeFiles/cmTC_0bfc1.dir/CheckFunctionExists.c.o
/usr/bin/cc   -DCHECK_FUNCTION_EXISTS=pthread_create   -o CMakeFiles/cmTC_0bfc1.dir/CheckFunctionExists.c.o   -c /usr/share/cmake-3.14/Modules/CheckFunctionExists.c
Linking C executable cmTC_0bfc1
/usr/bin/cmake -E cmake_link_script CMakeFiles/cmTC_0bfc1.dir/link.txt --verbose=1
/usr/bin/cc  -DCHECK_FUNCTION_EXISTS=pthread_create    -rdynamic CMakeFiles/cmTC_0bfc1.dir/CheckFunctionExists.c.o  -o cmTC_0bfc1 -lpthreads 
/usr/bin/ld: cannot find -lpthreads
collect2: error: ld returned 1 exit status
make[2]: *** [CMakeFiles/cmTC_0bfc1.dir/build.make:87: cmTC_0bfc1] Error 1
make[2]: Leaving directory '/home/piero/Development/Cpp/lattice-boltzmann/build/CMakeFiles/CMakeTmp'
make[1]: *** [Makefile:121: cmTC_0bfc1/fast] Error 2
make[1]: Leaving directory '/home/piero/Development/Cpp/lattice-boltzmann/build/CMakeFiles/CMakeTmp'


